{"name": "Buying a product in Amazon", "status": "broken", "statusDetails": {"message": "selenium.common.exceptions.InvalidArgumentException: Message: invalid argument: invalid locator\n  (Session info: chrome=121.0.6167.86)\nStacktrace:\n\tGetHandleVerifier [0x00007FF62F8C5E42+3538674]\n\t(No symbol) [0x00007FF62F4E4C02]\n\t(No symbol) [0x00007FF62F395AEB]\n\t(No symbol) [0x00007FF62F3DBE1C]\n\t(No symbol) [0x00007FF62F3DC0CC]\n\t(No symbol) [0x00007FF62F41E477]\n\t(No symbol) [0x00007FF62F3FF0EF]\n\t(No symbol) [0x00007FF62F41BDE3]\n\t(No symbol) [0x00007FF62F3FEE53]\n\t(No symbol) [0x00007FF62F3CF514]\n\t(No symbol) [0x00007FF62F3D0631]\n\tGetHandleVerifier [0x00007FF62F8F6CAD+3738973]\n\tGetHandleVerifier [0x00007FF62F94C506+4089270]\n\tGetHandleVerifier [0x00007FF62F944823+4057299]\n\tGetHandleVerifier [0x00007FF62F615C49+720121]\n\t(No symbol) [0x00007FF62F4F126F]\n\t(No symbol) [0x00007FF62F4EC304]\n\t(No symbol) [0x00007FF62F4EC432]\n\t(No symbol) [0x00007FF62F4DBD04]\n\tBaseThreadInitThunk [0x00007FF8C7FF257D+29]\n\tRtlUserThreadStart [0x00007FF8C91CAA58+40]\n\n", "trace": "  File \"C:\\Users\\105200781\\Capacitaciones\\Selenium-Python\\python-selenium\\venv\\lib\\site-packages\\behave\\model.py\", line 1329, in run\n    match.run(runner.context)\n  File \"C:\\Users\\105200781\\Capacitaciones\\Selenium-Python\\python-selenium\\venv\\lib\\site-packages\\behave\\matchers.py\", line 98, in run\n    self.func(context, *args, **kwargs)\n  File \"features\\steps\\web_keywords.py\", line 144, in type_on_element_the_value\n    context.driver.find_element(find_by, locator).send_keys(value)\n  File \"C:\\Users\\105200781\\Capacitaciones\\Selenium-Python\\python-selenium\\venv\\lib\\site-packages\\selenium\\webdriver\\remote\\webdriver.py\", line 738, in find_element\n    return self.execute(Command.FIND_ELEMENT, {\"using\": by, \"value\": value})[\"value\"]\n  File \"C:\\Users\\105200781\\Capacitaciones\\Selenium-Python\\python-selenium\\venv\\lib\\site-packages\\selenium\\webdriver\\remote\\webdriver.py\", line 344, in execute\n    self.error_handler.check_response(response)\n  File \"C:\\Users\\105200781\\Capacitaciones\\Selenium-Python\\python-selenium\\venv\\lib\\site-packages\\selenium\\webdriver\\remote\\errorhandler.py\", line 229, in check_response\n    raise exception_class(message, screen, stacktrace)\n"}, "steps": [{"name": "Given navigate to \"data.json|:|AmazonPage\"", "status": "passed", "start": 1706129418394, "stop": 1706129421864}, {"name": "And wait for \"3\" seconds", "status": "passed", "start": 1706129421864, "stop": 1706129424869}, {"name": "And take screenshot", "status": "passed", "attachments": [{"name": "take_screenshot_24_1_2024 14_50_24", "source": "adb81e73-3e30-474e-a11a-1b997d058585-attachment.png", "type": "image/png"}], "start": 1706129424870, "stop": 1706129425190}, {"name": "And type on \"element.json|:|AmazonSearchInputtext\" the value \"data.json|:|GameProduct\"", "status": "broken", "statusDetails": {"message": "selenium.common.exceptions.InvalidArgumentException: Message: invalid argument: invalid locator\n  (Session info: chrome=121.0.6167.86)\nStacktrace:\n\tGetHandleVerifier [0x00007FF62F8C5E42+3538674]\n\t(No symbol) [0x00007FF62F4E4C02]\n\t(No symbol) [0x00007FF62F395AEB]\n\t(No symbol) [0x00007FF62F3DBE1C]\n\t(No symbol) [0x00007FF62F3DC0CC]\n\t(No symbol) [0x00007FF62F41E477]\n\t(No symbol) [0x00007FF62F3FF0EF]\n\t(No symbol) [0x00007FF62F41BDE3]\n\t(No symbol) [0x00007FF62F3FEE53]\n\t(No symbol) [0x00007FF62F3CF514]\n\t(No symbol) [0x00007FF62F3D0631]\n\tGetHandleVerifier [0x00007FF62F8F6CAD+3738973]\n\tGetHandleVerifier [0x00007FF62F94C506+4089270]\n\tGetHandleVerifier [0x00007FF62F944823+4057299]\n\tGetHandleVerifier [0x00007FF62F615C49+720121]\n\t(No symbol) [0x00007FF62F4F126F]\n\t(No symbol) [0x00007FF62F4EC304]\n\t(No symbol) [0x00007FF62F4EC432]\n\t(No symbol) [0x00007FF62F4DBD04]\n\tBaseThreadInitThunk [0x00007FF8C7FF257D+29]\n\tRtlUserThreadStart [0x00007FF8C91CAA58+40]\n\n", "trace": "  File \"C:\\Users\\105200781\\Capacitaciones\\Selenium-Python\\python-selenium\\venv\\lib\\site-packages\\behave\\model.py\", line 1329, in run\n    match.run(runner.context)\n  File \"C:\\Users\\105200781\\Capacitaciones\\Selenium-Python\\python-selenium\\venv\\lib\\site-packages\\behave\\matchers.py\", line 98, in run\n    self.func(context, *args, **kwargs)\n  File \"features\\steps\\web_keywords.py\", line 144, in type_on_element_the_value\n    context.driver.find_element(find_by, locator).send_keys(value)\n  File \"C:\\Users\\105200781\\Capacitaciones\\Selenium-Python\\python-selenium\\venv\\lib\\site-packages\\selenium\\webdriver\\remote\\webdriver.py\", line 738, in find_element\n    return self.execute(Command.FIND_ELEMENT, {\"using\": by, \"value\": value})[\"value\"]\n  File \"C:\\Users\\105200781\\Capacitaciones\\Selenium-Python\\python-selenium\\venv\\lib\\site-packages\\selenium\\webdriver\\remote\\webdriver.py\", line 344, in execute\n    self.error_handler.check_response(response)\n  File \"C:\\Users\\105200781\\Capacitaciones\\Selenium-Python\\python-selenium\\venv\\lib\\site-packages\\selenium\\webdriver\\remote\\errorhandler.py\", line 229, in check_response\n    raise exception_class(message, screen, stacktrace)\n"}, "start": 1706129425190, "stop": 1706129425206}, {"name": "And wait for \"3\" seconds", "status": "skipped", "start": 1706129427693, "stop": 1706129427693}, {"name": "And take screenshot", "status": "skipped", "start": 1706129427693, "stop": 1706129427693}, {"name": "And click on \"element.json|:|AmazonSearchButton\"", "status": "skipped", "start": 1706129427693, "stop": 1706129427693}, {"name": "And wait for \"5\" seconds", "status": "skipped", "start": 1706129427693, "stop": 1706129427693}, {"name": "And take screenshot", "status": "skipped", "start": 1706129427693, "stop": 1706129427693}, {"name": "And wait until \"element.json|:|ResultadosTitle\" is visible in a maximum of \"30\" seconds", "status": "skipped", "start": 1706129427693, "stop": 1706129427693}, {"name": "And close browser", "status": "skipped", "start": 1706129427693, "stop": 1706129427693}], "start": 1706129418394, "stop": 1706129427693, "uuid": "ee7f8629-70d0-42a6-9fd9-2aa8e425b887", "historyId": "cd48889902429d6ee8e4cb5c8d12435c", "fullName": "Functional Testing: Buying a product in Amazon", "labels": [{"name": "severity", "value": "normal"}, {"name": "tag", "value": "Buying_a_product_in_Amazon"}, {"name": "feature", "value": "Functional Testing"}, {"name": "framework", "value": "behave"}, {"name": "language", "value": "cpython3"}]}